<?xml version="1.0" encoding="UTF-8"?>
<!-- Generated by org.testng.reporters.JUnitReportReporter -->
<testsuite hostname="INL-J8Y5V44" failures="0" tests="1" name="Blazedemo.tests.FlightBookingConfirmationTest" time="9.151" errors="0" timestamp="2025-01-18T19:18:53 IST" skipped="0">
  <testcase classname="Blazedemo.tests.FlightBookingConfirmationTest" name="TC1_ValidateFlightBookingConfirmationBySelectingLowestPriceFlight" time="9.151"/>
</testsuite> <!-- Blazedemo.tests.FlightBookingConfirmationTest -->
